Command: vcs -full64 -licqueue +incdir+/apps/vcsmx/vcs/U-2023.03-SP2//etc/uvm-1.2/src \
/apps/vcsmx/vcs/U-2023.03-SP2//etc/uvm-1.2/src/uvm.sv /apps/vcsmx/vcs/U-2023.03-SP2//etc/uvm-1.2/src/dpi/uvm_dpi.cc \
-CFLAGS -DVCS -timescale=1ns/1ns -V -sverilog -l apb_slave_report.log design.sv testbench.sv \

/apps/vcsmx/vcs/U-2023.03-SP2/linux64/bin/vcs1 -Mcc=gcc -Mcplusplus=g++ -Masflags= \
-Mcfl= -pipe -fPIC -DVCS -O -I/apps/vcsmx/vcs/U-2023.03-SP2/include  -Mxllcflags= \
-Mxcflags= -pipe -fPIC -I/apps/vcsmx/vcs/U-2023.03-SP2/include -Mldflags= -rdynamic \
-Mout=simv -Mamsrun="" -Mvcsaceobjs="" -Mobjects=" /apps/vcsmx/vcs/U-2023.03-SP2/linux64/lib/libvirsim.so \
/apps/vcsmx/vcs/U-2023.03-SP2/linux64/lib/liberrorinf.so /apps/vcsmx/vcs/U-2023.03-SP2/linux64/lib/libsnpsmalloc.so \
/apps/vcsmx/vcs/U-2023.03-SP2/linux64/lib/libvfs.so " -Mexternalobj= -Msaverestoreobj=/apps/vcsmx/vcs/U-2023.03-SP2/linux64/lib/vcs_save_restore_new.o \
-Mcrt0= -Mcrtn="" -Mcsrc="/apps/vcsmx/vcs/U-2023.03-SP2//etc/uvm-1.2/src/dpi/uvm_dpi.cc \
" -Msyslibs=-ldl  -l apb_slave_report.log -full64 +vcs+lic+wait -timescale=1ns/1ns \
-V -picarchive -sverilog -gen_obj +incdir+/apps/vcsmx/vcs/U-2023.03-SP2//etc/uvm-1.2/src \
/apps/vcsmx/vcs/U-2023.03-SP2//etc/uvm-1.2/src/uvm.sv design.sv testbench.sv  
                         Chronologic VCS (TM)
       Version U-2023.03-SP2_Full64 -- Tue Feb  4 01:19:37 2025

                    Copyright (c) 1991 - 2023 Synopsys, Inc.
   This software and the associated documentation are proprietary to Synopsys,
 Inc. This software may only be used in accordance with the terms and conditions
 of a written license agreement with Synopsys, Inc. All other use, reproduction,
   or distribution of this software is strictly prohibited.  Licensed Products
     communicate with Synopsys servers for the purpose of providing software
    updates, detecting software piracy and verifying that customers are using
    Licensed Products in conformity with the applicable License Key for such
  Licensed Products. Synopsys will use information gathered in connection with
    this process to deliver software updates and pursue software pirates and
                                   infringers.

 Inclusivity & Diversity - Visit SolvNetPlus to read the "Synopsys Statement on
            Inclusivity and Diversity" (Refer to article 000036315 at
                        https://solvnetplus.synopsys.com)

Parsing design file '/apps/vcsmx/vcs/U-2023.03-SP2//etc/uvm-1.2/src/uvm.sv'
Parsing included file '/apps/vcsmx/vcs/U-2023.03-SP2//etc/uvm-1.2/src/uvm_pkg.sv'.
Parsing included file '/apps/vcsmx/vcs/U-2023.03-SP2//etc/uvm-1.2/src/uvm_macros.svh'.
Parsing included file '/apps/vcsmx/vcs/U-2023.03-SP2//etc/uvm-1.2/src/macros/uvm_version_defines.svh'.
Back to file '/apps/vcsmx/vcs/U-2023.03-SP2//etc/uvm-1.2/src/uvm_macros.svh'.
Parsing included file '/apps/vcsmx/vcs/U-2023.03-SP2//etc/uvm-1.2/src/macros/uvm_global_defines.svh'.
Back to file '/apps/vcsmx/vcs/U-2023.03-SP2//etc/uvm-1.2/src/uvm_macros.svh'.
Parsing included file '/apps/vcsmx/vcs/U-2023.03-SP2//etc/uvm-1.2/src/macros/snps_macros.svp'.
Back to file '/apps/vcsmx/vcs/U-2023.03-SP2//etc/uvm-1.2/src/uvm_macros.svh'.
Parsing included file '/apps/vcsmx/vcs/U-2023.03-SP2//etc/uvm-1.2/src/macros/uvm_message_defines.svh'.
Back to file '/apps/vcsmx/vcs/U-2023.03-SP2//etc/uvm-1.2/src/uvm_macros.svh'.
Parsing included file '/apps/vcsmx/vcs/U-2023.03-SP2//etc/uvm-1.2/src/macros/uvm_phase_defines.svh'.
Back to file '/apps/vcsmx/vcs/U-2023.03-SP2//etc/uvm-1.2/src/uvm_macros.svh'.
Parsing included file '/apps/vcsmx/vcs/U-2023.03-SP2//etc/uvm-1.2/src/macros/uvm_object_defines.svh'.
Back to file '/apps/vcsmx/vcs/U-2023.03-SP2//etc/uvm-1.2/src/uvm_macros.svh'.
Parsing included file '/apps/vcsmx/vcs/U-2023.03-SP2//etc/uvm-1.2/src/macros/uvm_printer_defines.svh'.
Back to file '/apps/vcsmx/vcs/U-2023.03-SP2//etc/uvm-1.2/src/uvm_macros.svh'.
Parsing included file '/apps/vcsmx/vcs/U-2023.03-SP2//etc/uvm-1.2/src/macros/uvm_tlm_defines.svh'.
Parsing included file '/apps/vcsmx/vcs/U-2023.03-SP2//etc/uvm-1.2/src/tlm1/uvm_tlm_imps.svh'.
Back to file '/apps/vcsmx/vcs/U-2023.03-SP2//etc/uvm-1.2/src/macros/uvm_tlm_defines.svh'.
Back to file '/apps/vcsmx/vcs/U-2023.03-SP2//etc/uvm-1.2/src/uvm_macros.svh'.
Parsing included file '/apps/vcsmx/vcs/U-2023.03-SP2//etc/uvm-1.2/src/macros/uvm_sequence_defines.svh'.
Back to file '/apps/vcsmx/vcs/U-2023.03-SP2//etc/uvm-1.2/src/uvm_macros.svh'.
Parsing included file '/apps/vcsmx/vcs/U-2023.03-SP2//etc/uvm-1.2/src/macros/uvm_callback_defines.svh'.
Back to file '/apps/vcsmx/vcs/U-2023.03-SP2//etc/uvm-1.2/src/uvm_macros.svh'.
Parsing included file '/apps/vcsmx/vcs/U-2023.03-SP2//etc/uvm-1.2/src/macros/uvm_reg_defines.svh'.
Back to file '/apps/vcsmx/vcs/U-2023.03-SP2//etc/uvm-1.2/src/uvm_macros.svh'.
Parsing included file '/apps/vcsmx/vcs/U-2023.03-SP2//etc/uvm-1.2/src/macros/uvm_deprecated_defines.svh'.
Back to file '/apps/vcsmx/vcs/U-2023.03-SP2//etc/uvm-1.2/src/uvm_macros.svh'.
Back to file '/apps/vcsmx/vcs/U-2023.03-SP2//etc/uvm-1.2/src/uvm_pkg.sv'.
Parsing included file '/apps/vcsmx/vcs/U-2023.03-SP2//etc/uvm-1.2/src/dpi/uvm_dpi.svh'.
Parsing included file '/apps/vcsmx/vcs/U-2023.03-SP2//etc/uvm-1.2/src/dpi/uvm_hdl.svh'.
Back to file '/apps/vcsmx/vcs/U-2023.03-SP2//etc/uvm-1.2/src/dpi/uvm_dpi.svh'.
Parsing included file '/apps/vcsmx/vcs/U-2023.03-SP2//etc/uvm-1.2/src/dpi/uvm_svcmd_dpi.svh'.
Back to file '/apps/vcsmx/vcs/U-2023.03-SP2//etc/uvm-1.2/src/dpi/uvm_dpi.svh'.
Parsing included file '/apps/vcsmx/vcs/U-2023.03-SP2//etc/uvm-1.2/src/dpi/uvm_regex.svh'.
Back to file '/apps/vcsmx/vcs/U-2023.03-SP2//etc/uvm-1.2/src/dpi/uvm_dpi.svh'.
Back to file '/apps/vcsmx/vcs/U-2023.03-SP2//etc/uvm-1.2/src/uvm_pkg.sv'.
Parsing included file '/apps/vcsmx/vcs/U-2023.03-SP2//etc/uvm-1.2/src/base/uvm_base.svh'.
Parsing included file '/apps/vcsmx/vcs/U-2023.03-SP2//etc/uvm-1.2/src/base/uvm_coreservice.svh'.
Back to file '/apps/vcsmx/vcs/U-2023.03-SP2//etc/uvm-1.2/src/base/uvm_base.svh'.
Parsing included file '/apps/vcsmx/vcs/U-2023.03-SP2//etc/uvm-1.2/src/base/uvm_version.svh'.
Back to file '/apps/vcsmx/vcs/U-2023.03-SP2//etc/uvm-1.2/src/base/uvm_base.svh'.
Parsing included file '/apps/vcsmx/vcs/U-2023.03-SP2//etc/uvm-1.2/src/base/uvm_object_globals.svh'.
Back to file '/apps/vcsmx/vcs/U-2023.03-SP2//etc/uvm-1.2/src/base/uvm_base.svh'.
Parsing included file '/apps/vcsmx/vcs/U-2023.03-SP2//etc/uvm-1.2/src/base/uvm_misc.svh'.
Back to file '/apps/vcsmx/vcs/U-2023.03-SP2//etc/uvm-1.2/src/base/uvm_base.svh'.
Parsing included file '/apps/vcsmx/vcs/U-2023.03-SP2//etc/uvm-1.2/src/base/uvm_object.svh'.
Back to file '/apps/vcsmx/vcs/U-2023.03-SP2//etc/uvm-1.2/src/base/uvm_base.svh'.
Parsing included file '/apps/vcsmx/vcs/U-2023.03-SP2//etc/uvm-1.2/src/base/uvm_pool.svh'.
Back to file '/apps/vcsmx/vcs/U-2023.03-SP2//etc/uvm-1.2/src/base/uvm_base.svh'.
Parsing included file '/apps/vcsmx/vcs/U-2023.03-SP2//etc/uvm-1.2/src/base/uvm_queue.svh'.
Back to file '/apps/vcsmx/vcs/U-2023.03-SP2//etc/uvm-1.2/src/base/uvm_base.svh'.
Parsing included file '/apps/vcsmx/vcs/U-2023.03-SP2//etc/uvm-1.2/src/base/uvm_factory.svh'.
Back to file '/apps/vcsmx/vcs/U-2023.03-SP2//etc/uvm-1.2/src/base/uvm_base.svh'.
Parsing included file '/apps/vcsmx/vcs/U-2023.03-SP2//etc/uvm-1.2/src/base/uvm_registry.svh'.
Back to file '/apps/vcsmx/vcs/U-2023.03-SP2//etc/uvm-1.2/src/base/uvm_base.svh'.
Parsing included file '/apps/vcsmx/vcs/U-2023.03-SP2//etc/uvm-1.2/src/base/uvm_spell_chkr.svh'.
Back to file '/apps/vcsmx/vcs/U-2023.03-SP2//etc/uvm-1.2/src/base/uvm_base.svh'.
Parsing included file '/apps/vcsmx/vcs/U-2023.03-SP2//etc/uvm-1.2/src/base/uvm_resource.svh'.
Back to file '/apps/vcsmx/vcs/U-2023.03-SP2//etc/uvm-1.2/src/base/uvm_base.svh'.
Parsing included file '/apps/vcsmx/vcs/U-2023.03-SP2//etc/uvm-1.2/src/base/uvm_resource_specializations.svh'.
Back to file '/apps/vcsmx/vcs/U-2023.03-SP2//etc/uvm-1.2/src/base/uvm_base.svh'.
Parsing included file '/apps/vcsmx/vcs/U-2023.03-SP2//etc/uvm-1.2/src/base/uvm_resource_db.svh'.
Back to file '/apps/vcsmx/vcs/U-2023.03-SP2//etc/uvm-1.2/src/base/uvm_base.svh'.
Parsing included file '/apps/vcsmx/vcs/U-2023.03-SP2//etc/uvm-1.2/src/base/uvm_config_db.svh'.
Back to file '/apps/vcsmx/vcs/U-2023.03-SP2//etc/uvm-1.2/src/base/uvm_base.svh'.
Parsing included file '/apps/vcsmx/vcs/U-2023.03-SP2//etc/uvm-1.2/src/base/uvm_printer.svh'.
Back to file '/apps/vcsmx/vcs/U-2023.03-SP2//etc/uvm-1.2/src/base/uvm_base.svh'.
Parsing included file '/apps/vcsmx/vcs/U-2023.03-SP2//etc/uvm-1.2/src/base/uvm_comparer.svh'.
Back to file '/apps/vcsmx/vcs/U-2023.03-SP2//etc/uvm-1.2/src/base/uvm_base.svh'.
Parsing included file '/apps/vcsmx/vcs/U-2023.03-SP2//etc/uvm-1.2/src/base/uvm_packer.svh'.
Back to file '/apps/vcsmx/vcs/U-2023.03-SP2//etc/uvm-1.2/src/base/uvm_base.svh'.
Parsing included file '/apps/vcsmx/vcs/U-2023.03-SP2//etc/uvm-1.2/src/base/uvm_links.svh'.
Back to file '/apps/vcsmx/vcs/U-2023.03-SP2//etc/uvm-1.2/src/base/uvm_base.svh'.
Parsing included file '/apps/vcsmx/vcs/U-2023.03-SP2//etc/uvm-1.2/src/base/uvm_tr_database.svh'.
Back to file '/apps/vcsmx/vcs/U-2023.03-SP2//etc/uvm-1.2/src/base/uvm_base.svh'.
Parsing included file '/apps/vcsmx/vcs/U-2023.03-SP2//etc/uvm-1.2/src/base/uvm_tr_stream.svh'.
Back to file '/apps/vcsmx/vcs/U-2023.03-SP2//etc/uvm-1.2/src/base/uvm_base.svh'.
Parsing included file '/apps/vcsmx/vcs/U-2023.03-SP2//etc/uvm-1.2/src/base/uvm_recorder.svh'.
Back to file '/apps/vcsmx/vcs/U-2023.03-SP2//etc/uvm-1.2/src/base/uvm_base.svh'.
Parsing included file '/apps/vcsmx/vcs/U-2023.03-SP2//etc/uvm-1.2/src/base/uvm_event_callback.svh'.
Back to file '/apps/vcsmx/vcs/U-2023.03-SP2//etc/uvm-1.2/src/base/uvm_base.svh'.
Parsing included file '/apps/vcsmx/vcs/U-2023.03-SP2//etc/uvm-1.2/src/base/uvm_event.svh'.
Back to file '/apps/vcsmx/vcs/U-2023.03-SP2//etc/uvm-1.2/src/base/uvm_base.svh'.
Parsing included file '/apps/vcsmx/vcs/U-2023.03-SP2//etc/uvm-1.2/src/base/uvm_barrier.svh'.
Back to file '/apps/vcsmx/vcs/U-2023.03-SP2//etc/uvm-1.2/src/base/uvm_base.svh'.
Parsing included file '/apps/vcsmx/vcs/U-2023.03-SP2//etc/uvm-1.2/src/base/uvm_callback.svh'.
Parsing included file '/apps/vcsmx/vcs/U-2023.03-SP2//etc/uvm-1.2/src/uvm_macros.svh'.
Back to file '/apps/vcsmx/vcs/U-2023.03-SP2//etc/uvm-1.2/src/base/uvm_callback.svh'.
Back to file '/apps/vcsmx/vcs/U-2023.03-SP2//etc/uvm-1.2/src/base/uvm_base.svh'.
Parsing included file '/apps/vcsmx/vcs/U-2023.03-SP2//etc/uvm-1.2/src/base/uvm_report_message.svh'.
Back to file '/apps/vcsmx/vcs/U-2023.03-SP2//etc/uvm-1.2/src/base/uvm_base.svh'.
Parsing included file '/apps/vcsmx/vcs/U-2023.03-SP2//etc/uvm-1.2/src/base/uvm_report_catcher.svh'.
Back to file '/apps/vcsmx/vcs/U-2023.03-SP2//etc/uvm-1.2/src/base/uvm_base.svh'.
Parsing included file '/apps/vcsmx/vcs/U-2023.03-SP2//etc/uvm-1.2/src/base/uvm_report_server.svh'.
Back to file '/apps/vcsmx/vcs/U-2023.03-SP2//etc/uvm-1.2/src/base/uvm_base.svh'.
Parsing included file '/apps/vcsmx/vcs/U-2023.03-SP2//etc/uvm-1.2/src/base/uvm_report_handler.svh'.
Back to file '/apps/vcsmx/vcs/U-2023.03-SP2//etc/uvm-1.2/src/base/uvm_base.svh'.
Parsing included file '/apps/vcsmx/vcs/U-2023.03-SP2//etc/uvm-1.2/src/base/uvm_report_object.svh'.
Back to file '/apps/vcsmx/vcs/U-2023.03-SP2//etc/uvm-1.2/src/base/uvm_base.svh'.
Parsing included file '/apps/vcsmx/vcs/U-2023.03-SP2//etc/uvm-1.2/src/base/uvm_transaction.svh'.
Back to file '/apps/vcsmx/vcs/U-2023.03-SP2//etc/uvm-1.2/src/base/uvm_base.svh'.
Parsing included file '/apps/vcsmx/vcs/U-2023.03-SP2//etc/uvm-1.2/src/base/uvm_phase.svh'.
Back to file '/apps/vcsmx/vcs/U-2023.03-SP2//etc/uvm-1.2/src/base/uvm_base.svh'.
Parsing included file '/apps/vcsmx/vcs/U-2023.03-SP2//etc/uvm-1.2/src/base/uvm_domain.svh'.
Back to file '/apps/vcsmx/vcs/U-2023.03-SP2//etc/uvm-1.2/src/base/uvm_base.svh'.
Parsing included file '/apps/vcsmx/vcs/U-2023.03-SP2//etc/uvm-1.2/src/base/uvm_bottomup_phase.svh'.
Back to file '/apps/vcsmx/vcs/U-2023.03-SP2//etc/uvm-1.2/src/base/uvm_base.svh'.
Parsing included file '/apps/vcsmx/vcs/U-2023.03-SP2//etc/uvm-1.2/src/base/uvm_topdown_phase.svh'.
Back to file '/apps/vcsmx/vcs/U-2023.03-SP2//etc/uvm-1.2/src/base/uvm_base.svh'.
Parsing included file '/apps/vcsmx/vcs/U-2023.03-SP2//etc/uvm-1.2/src/base/uvm_task_phase.svh'.
Back to file '/apps/vcsmx/vcs/U-2023.03-SP2//etc/uvm-1.2/src/base/uvm_base.svh'.
Parsing included file '/apps/vcsmx/vcs/U-2023.03-SP2//etc/uvm-1.2/src/base/uvm_common_phases.svh'.
Back to file '/apps/vcsmx/vcs/U-2023.03-SP2//etc/uvm-1.2/src/base/uvm_base.svh'.
Parsing included file '/apps/vcsmx/vcs/U-2023.03-SP2//etc/uvm-1.2/src/base/uvm_runtime_phases.svh'.
Back to file '/apps/vcsmx/vcs/U-2023.03-SP2//etc/uvm-1.2/src/base/uvm_base.svh'.
Parsing included file '/apps/vcsmx/vcs/U-2023.03-SP2//etc/uvm-1.2/src/base/uvm_component.svh'.
Parsing included file '/apps/vcsmx/vcs/U-2023.03-SP2//etc/uvm-1.2/src/base/uvm_root.svh'.
Back to file '/apps/vcsmx/vcs/U-2023.03-SP2//etc/uvm-1.2/src/base/uvm_component.svh'.
Back to file '/apps/vcsmx/vcs/U-2023.03-SP2//etc/uvm-1.2/src/base/uvm_base.svh'.
Parsing included file '/apps/vcsmx/vcs/U-2023.03-SP2//etc/uvm-1.2/src/base/uvm_objection.svh'.
Back to file '/apps/vcsmx/vcs/U-2023.03-SP2//etc/uvm-1.2/src/base/uvm_base.svh'.
Parsing included file '/apps/vcsmx/vcs/U-2023.03-SP2//etc/uvm-1.2/src/base/uvm_heartbeat.svh'.
Back to file '/apps/vcsmx/vcs/U-2023.03-SP2//etc/uvm-1.2/src/base/uvm_base.svh'.
Parsing included file '/apps/vcsmx/vcs/U-2023.03-SP2//etc/uvm-1.2/src/base/uvm_globals.svh'.
Back to file '/apps/vcsmx/vcs/U-2023.03-SP2//etc/uvm-1.2/src/base/uvm_base.svh'.
Parsing included file '/apps/vcsmx/vcs/U-2023.03-SP2//etc/uvm-1.2/src/base/uvm_cmdline_processor.svh'.
Back to file '/apps/vcsmx/vcs/U-2023.03-SP2//etc/uvm-1.2/src/base/uvm_base.svh'.
Parsing included file '/apps/vcsmx/vcs/U-2023.03-SP2//etc/uvm-1.2/src/base/uvm_traversal.svh'.
Back to file '/apps/vcsmx/vcs/U-2023.03-SP2//etc/uvm-1.2/src/base/uvm_base.svh'.
Back to file '/apps/vcsmx/vcs/U-2023.03-SP2//etc/uvm-1.2/src/uvm_pkg.sv'.
Parsing included file '/apps/vcsmx/vcs/U-2023.03-SP2//etc/uvm-1.2/src/dap/uvm_dap.svh'.
Parsing included file '/apps/vcsmx/vcs/U-2023.03-SP2//etc/uvm-1.2/src/dap/uvm_set_get_dap_base.svh'.
Back to file '/apps/vcsmx/vcs/U-2023.03-SP2//etc/uvm-1.2/src/dap/uvm_dap.svh'.
Parsing included file '/apps/vcsmx/vcs/U-2023.03-SP2//etc/uvm-1.2/src/dap/uvm_simple_lock_dap.svh'.
Back to file '/apps/vcsmx/vcs/U-2023.03-SP2//etc/uvm-1.2/src/dap/uvm_dap.svh'.
Parsing included file '/apps/vcsmx/vcs/U-2023.03-SP2//etc/uvm-1.2/src/dap/uvm_get_to_lock_dap.svh'.
Back to file '/apps/vcsmx/vcs/U-2023.03-SP2//etc/uvm-1.2/src/dap/uvm_dap.svh'.
Parsing included file '/apps/vcsmx/vcs/U-2023.03-SP2//etc/uvm-1.2/src/dap/uvm_set_before_get_dap.svh'.
Back to file '/apps/vcsmx/vcs/U-2023.03-SP2//etc/uvm-1.2/src/dap/uvm_dap.svh'.
Back to file '/apps/vcsmx/vcs/U-2023.03-SP2//etc/uvm-1.2/src/uvm_pkg.sv'.
Parsing included file '/apps/vcsmx/vcs/U-2023.03-SP2//etc/uvm-1.2/src/tlm1/uvm_tlm.svh'.
Parsing included file '/apps/vcsmx/vcs/U-2023.03-SP2//etc/uvm-1.2/src/tlm1/uvm_tlm_ifs.svh'.
Back to file '/apps/vcsmx/vcs/U-2023.03-SP2//etc/uvm-1.2/src/tlm1/uvm_tlm.svh'.
Parsing included file '/apps/vcsmx/vcs/U-2023.03-SP2//etc/uvm-1.2/src/tlm1/uvm_sqr_ifs.svh'.
Back to file '/apps/vcsmx/vcs/U-2023.03-SP2//etc/uvm-1.2/src/tlm1/uvm_tlm.svh'.
Parsing included file '/apps/vcsmx/vcs/U-2023.03-SP2//etc/uvm-1.2/src/base/uvm_port_base.svh'.
Back to file '/apps/vcsmx/vcs/U-2023.03-SP2//etc/uvm-1.2/src/tlm1/uvm_tlm.svh'.
Parsing included file '/apps/vcsmx/vcs/U-2023.03-SP2//etc/uvm-1.2/src/tlm1/uvm_tlm_imps.svh'.
Back to file '/apps/vcsmx/vcs/U-2023.03-SP2//etc/uvm-1.2/src/tlm1/uvm_tlm.svh'.
Parsing included file '/apps/vcsmx/vcs/U-2023.03-SP2//etc/uvm-1.2/src/tlm1/uvm_imps.svh'.
Back to file '/apps/vcsmx/vcs/U-2023.03-SP2//etc/uvm-1.2/src/tlm1/uvm_tlm.svh'.
Parsing included file '/apps/vcsmx/vcs/U-2023.03-SP2//etc/uvm-1.2/src/tlm1/uvm_ports.svh'.
Back to file '/apps/vcsmx/vcs/U-2023.03-SP2//etc/uvm-1.2/src/tlm1/uvm_tlm.svh'.
Parsing included file '/apps/vcsmx/vcs/U-2023.03-SP2//etc/uvm-1.2/src/tlm1/uvm_exports.svh'.
Back to file '/apps/vcsmx/vcs/U-2023.03-SP2//etc/uvm-1.2/src/tlm1/uvm_tlm.svh'.
Parsing included file '/apps/vcsmx/vcs/U-2023.03-SP2//etc/uvm-1.2/src/tlm1/uvm_analysis_port.svh'.
Back to file '/apps/vcsmx/vcs/U-2023.03-SP2//etc/uvm-1.2/src/tlm1/uvm_tlm.svh'.
Parsing included file '/apps/vcsmx/vcs/U-2023.03-SP2//etc/uvm-1.2/src/tlm1/uvm_tlm_fifo_base.svh'.
Back to file '/apps/vcsmx/vcs/U-2023.03-SP2//etc/uvm-1.2/src/tlm1/uvm_tlm.svh'.
Parsing included file '/apps/vcsmx/vcs/U-2023.03-SP2//etc/uvm-1.2/src/tlm1/uvm_tlm_fifos.svh'.
Back to file '/apps/vcsmx/vcs/U-2023.03-SP2//etc/uvm-1.2/src/tlm1/uvm_tlm.svh'.
Parsing included file '/apps/vcsmx/vcs/U-2023.03-SP2//etc/uvm-1.2/src/tlm1/uvm_tlm_req_rsp.svh'.
Back to file '/apps/vcsmx/vcs/U-2023.03-SP2//etc/uvm-1.2/src/tlm1/uvm_tlm.svh'.
Parsing included file '/apps/vcsmx/vcs/U-2023.03-SP2//etc/uvm-1.2/src/tlm1/uvm_sqr_connections.svh'.
Back to file '/apps/vcsmx/vcs/U-2023.03-SP2//etc/uvm-1.2/src/tlm1/uvm_tlm.svh'.
Back to file '/apps/vcsmx/vcs/U-2023.03-SP2//etc/uvm-1.2/src/uvm_pkg.sv'.
Parsing included file '/apps/vcsmx/vcs/U-2023.03-SP2//etc/uvm-1.2/src/comps/uvm_comps.svh'.
Parsing included file '/apps/vcsmx/vcs/U-2023.03-SP2//etc/uvm-1.2/src/comps/uvm_pair.svh'.
Back to file '/apps/vcsmx/vcs/U-2023.03-SP2//etc/uvm-1.2/src/comps/uvm_comps.svh'.
Parsing included file '/apps/vcsmx/vcs/U-2023.03-SP2//etc/uvm-1.2/src/comps/uvm_policies.svh'.
Back to file '/apps/vcsmx/vcs/U-2023.03-SP2//etc/uvm-1.2/src/comps/uvm_comps.svh'.
Parsing included file '/apps/vcsmx/vcs/U-2023.03-SP2//etc/uvm-1.2/src/comps/uvm_in_order_comparator.svh'.
Back to file '/apps/vcsmx/vcs/U-2023.03-SP2//etc/uvm-1.2/src/comps/uvm_comps.svh'.
Parsing included file '/apps/vcsmx/vcs/U-2023.03-SP2//etc/uvm-1.2/src/comps/uvm_algorithmic_comparator.svh'.
Back to file '/apps/vcsmx/vcs/U-2023.03-SP2//etc/uvm-1.2/src/comps/uvm_comps.svh'.
Parsing included file '/apps/vcsmx/vcs/U-2023.03-SP2//etc/uvm-1.2/src/comps/uvm_random_stimulus.svh'.
Back to file '/apps/vcsmx/vcs/U-2023.03-SP2//etc/uvm-1.2/src/comps/uvm_comps.svh'.
Parsing included file '/apps/vcsmx/vcs/U-2023.03-SP2//etc/uvm-1.2/src/comps/uvm_subscriber.svh'.
Back to file '/apps/vcsmx/vcs/U-2023.03-SP2//etc/uvm-1.2/src/comps/uvm_comps.svh'.
Parsing included file '/apps/vcsmx/vcs/U-2023.03-SP2//etc/uvm-1.2/src/comps/uvm_monitor.svh'.
Back to file '/apps/vcsmx/vcs/U-2023.03-SP2//etc/uvm-1.2/src/comps/uvm_comps.svh'.
Parsing included file '/apps/vcsmx/vcs/U-2023.03-SP2//etc/uvm-1.2/src/comps/uvm_driver.svh'.
Back to file '/apps/vcsmx/vcs/U-2023.03-SP2//etc/uvm-1.2/src/comps/uvm_comps.svh'.
Parsing included file '/apps/vcsmx/vcs/U-2023.03-SP2//etc/uvm-1.2/src/comps/uvm_push_driver.svh'.
Back to file '/apps/vcsmx/vcs/U-2023.03-SP2//etc/uvm-1.2/src/comps/uvm_comps.svh'.
Parsing included file '/apps/vcsmx/vcs/U-2023.03-SP2//etc/uvm-1.2/src/comps/uvm_scoreboard.svh'.
Back to file '/apps/vcsmx/vcs/U-2023.03-SP2//etc/uvm-1.2/src/comps/uvm_comps.svh'.
Parsing included file '/apps/vcsmx/vcs/U-2023.03-SP2//etc/uvm-1.2/src/comps/uvm_agent.svh'.
Back to file '/apps/vcsmx/vcs/U-2023.03-SP2//etc/uvm-1.2/src/comps/uvm_comps.svh'.
Parsing included file '/apps/vcsmx/vcs/U-2023.03-SP2//etc/uvm-1.2/src/comps/uvm_env.svh'.
Back to file '/apps/vcsmx/vcs/U-2023.03-SP2//etc/uvm-1.2/src/comps/uvm_comps.svh'.
Parsing included file '/apps/vcsmx/vcs/U-2023.03-SP2//etc/uvm-1.2/src/comps/uvm_test.svh'.
Back to file '/apps/vcsmx/vcs/U-2023.03-SP2//etc/uvm-1.2/src/comps/uvm_comps.svh'.
Back to file '/apps/vcsmx/vcs/U-2023.03-SP2//etc/uvm-1.2/src/uvm_pkg.sv'.
Parsing included file '/apps/vcsmx/vcs/U-2023.03-SP2//etc/uvm-1.2/src/seq/uvm_seq.svh'.
Parsing included file '/apps/vcsmx/vcs/U-2023.03-SP2//etc/uvm-1.2/src/seq/uvm_sequence_item.svh'.
Back to file '/apps/vcsmx/vcs/U-2023.03-SP2//etc/uvm-1.2/src/seq/uvm_seq.svh'.
Parsing included file '/apps/vcsmx/vcs/U-2023.03-SP2//etc/uvm-1.2/src/seq/uvm_sequencer_base.svh'.
Back to file '/apps/vcsmx/vcs/U-2023.03-SP2//etc/uvm-1.2/src/seq/uvm_seq.svh'.
Parsing included file '/apps/vcsmx/vcs/U-2023.03-SP2//etc/uvm-1.2/src/seq/uvm_sequencer_analysis_fifo.svh'.
Back to file '/apps/vcsmx/vcs/U-2023.03-SP2//etc/uvm-1.2/src/seq/uvm_seq.svh'.
Parsing included file '/apps/vcsmx/vcs/U-2023.03-SP2//etc/uvm-1.2/src/seq/uvm_sequencer_param_base.svh'.
Back to file '/apps/vcsmx/vcs/U-2023.03-SP2//etc/uvm-1.2/src/seq/uvm_seq.svh'.
Parsing included file '/apps/vcsmx/vcs/U-2023.03-SP2//etc/uvm-1.2/src/seq/uvm_sequencer.svh'.
Back to file '/apps/vcsmx/vcs/U-2023.03-SP2//etc/uvm-1.2/src/seq/uvm_seq.svh'.
Parsing included file '/apps/vcsmx/vcs/U-2023.03-SP2//etc/uvm-1.2/src/seq/uvm_push_sequencer.svh'.
Back to file '/apps/vcsmx/vcs/U-2023.03-SP2//etc/uvm-1.2/src/seq/uvm_seq.svh'.
Parsing included file '/apps/vcsmx/vcs/U-2023.03-SP2//etc/uvm-1.2/src/seq/uvm_sequence_base.svh'.
Back to file '/apps/vcsmx/vcs/U-2023.03-SP2//etc/uvm-1.2/src/seq/uvm_seq.svh'.
Parsing included file '/apps/vcsmx/vcs/U-2023.03-SP2//etc/uvm-1.2/src/seq/uvm_sequence.svh'.
Back to file '/apps/vcsmx/vcs/U-2023.03-SP2//etc/uvm-1.2/src/seq/uvm_seq.svh'.
Parsing included file '/apps/vcsmx/vcs/U-2023.03-SP2//etc/uvm-1.2/src/seq/uvm_sequence_library.svh'.
Back to file '/apps/vcsmx/vcs/U-2023.03-SP2//etc/uvm-1.2/src/seq/uvm_seq.svh'.
Parsing included file '/apps/vcsmx/vcs/U-2023.03-SP2//etc/uvm-1.2/src/seq/uvm_sequence_builtin.svh'.
Back to file '/apps/vcsmx/vcs/U-2023.03-SP2//etc/uvm-1.2/src/seq/uvm_seq.svh'.
Back to file '/apps/vcsmx/vcs/U-2023.03-SP2//etc/uvm-1.2/src/uvm_pkg.sv'.
Parsing included file '/apps/vcsmx/vcs/U-2023.03-SP2//etc/uvm-1.2/src/tlm2/uvm_tlm2.svh'.
Parsing included file '/apps/vcsmx/vcs/U-2023.03-SP2//etc/uvm-1.2/src/tlm2/uvm_tlm2_defines.svh'.
Back to file '/apps/vcsmx/vcs/U-2023.03-SP2//etc/uvm-1.2/src/tlm2/uvm_tlm2.svh'.
Parsing included file '/apps/vcsmx/vcs/U-2023.03-SP2//etc/uvm-1.2/src/tlm2/uvm_tlm2_time.svh'.
Back to file '/apps/vcsmx/vcs/U-2023.03-SP2//etc/uvm-1.2/src/tlm2/uvm_tlm2.svh'.
Parsing included file '/apps/vcsmx/vcs/U-2023.03-SP2//etc/uvm-1.2/src/tlm2/uvm_tlm2_generic_payload.svh'.
Back to file '/apps/vcsmx/vcs/U-2023.03-SP2//etc/uvm-1.2/src/tlm2/uvm_tlm2.svh'.
Parsing included file '/apps/vcsmx/vcs/U-2023.03-SP2//etc/uvm-1.2/src/tlm2/uvm_tlm2_ifs.svh'.
Back to file '/apps/vcsmx/vcs/U-2023.03-SP2//etc/uvm-1.2/src/tlm2/uvm_tlm2.svh'.
Parsing included file '/apps/vcsmx/vcs/U-2023.03-SP2//etc/uvm-1.2/src/tlm2/uvm_tlm2_imps.svh'.
Back to file '/apps/vcsmx/vcs/U-2023.03-SP2//etc/uvm-1.2/src/tlm2/uvm_tlm2.svh'.
Parsing included file '/apps/vcsmx/vcs/U-2023.03-SP2//etc/uvm-1.2/src/tlm2/uvm_tlm2_ports.svh'.
Back to file '/apps/vcsmx/vcs/U-2023.03-SP2//etc/uvm-1.2/src/tlm2/uvm_tlm2.svh'.
Parsing included file '/apps/vcsmx/vcs/U-2023.03-SP2//etc/uvm-1.2/src/tlm2/uvm_tlm2_exports.svh'.
Back to file '/apps/vcsmx/vcs/U-2023.03-SP2//etc/uvm-1.2/src/tlm2/uvm_tlm2.svh'.
Parsing included file '/apps/vcsmx/vcs/U-2023.03-SP2//etc/uvm-1.2/src/tlm2/uvm_tlm2_sockets_base.svh'.
Back to file '/apps/vcsmx/vcs/U-2023.03-SP2//etc/uvm-1.2/src/tlm2/uvm_tlm2.svh'.
Parsing included file '/apps/vcsmx/vcs/U-2023.03-SP2//etc/uvm-1.2/src/tlm2/uvm_tlm2_sockets.svh'.
Back to file '/apps/vcsmx/vcs/U-2023.03-SP2//etc/uvm-1.2/src/tlm2/uvm_tlm2.svh'.
Back to file '/apps/vcsmx/vcs/U-2023.03-SP2//etc/uvm-1.2/src/uvm_pkg.sv'.
Parsing included file '/apps/vcsmx/vcs/U-2023.03-SP2//etc/uvm-1.2/src/reg/uvm_reg_model.svh'.
Parsing included file '/apps/vcsmx/vcs/U-2023.03-SP2//etc/uvm-1.2/src/reg/uvm_reg_item.svh'.
Back to file '/apps/vcsmx/vcs/U-2023.03-SP2//etc/uvm-1.2/src/reg/uvm_reg_model.svh'.
Parsing included file '/apps/vcsmx/vcs/U-2023.03-SP2//etc/uvm-1.2/src/reg/uvm_reg_adapter.svh'.
Back to file '/apps/vcsmx/vcs/U-2023.03-SP2//etc/uvm-1.2/src/reg/uvm_reg_model.svh'.
Parsing included file '/apps/vcsmx/vcs/U-2023.03-SP2//etc/uvm-1.2/src/reg/uvm_reg_predictor.svh'.
Back to file '/apps/vcsmx/vcs/U-2023.03-SP2//etc/uvm-1.2/src/reg/uvm_reg_model.svh'.
Parsing included file '/apps/vcsmx/vcs/U-2023.03-SP2//etc/uvm-1.2/src/reg/uvm_reg_sequence.svh'.
Back to file '/apps/vcsmx/vcs/U-2023.03-SP2//etc/uvm-1.2/src/reg/uvm_reg_model.svh'.
Parsing included file '/apps/vcsmx/vcs/U-2023.03-SP2//etc/uvm-1.2/src/reg/uvm_reg_cbs.svh'.
Back to file '/apps/vcsmx/vcs/U-2023.03-SP2//etc/uvm-1.2/src/reg/uvm_reg_model.svh'.
Parsing included file '/apps/vcsmx/vcs/U-2023.03-SP2//etc/uvm-1.2/src/reg/uvm_reg_backdoor.svh'.
Back to file '/apps/vcsmx/vcs/U-2023.03-SP2//etc/uvm-1.2/src/reg/uvm_reg_model.svh'.
Parsing included file '/apps/vcsmx/vcs/U-2023.03-SP2//etc/uvm-1.2/src/reg/uvm_reg_field.svh'.
Back to file '/apps/vcsmx/vcs/U-2023.03-SP2//etc/uvm-1.2/src/reg/uvm_reg_model.svh'.
Parsing included file '/apps/vcsmx/vcs/U-2023.03-SP2//etc/uvm-1.2/src/reg/uvm_vreg_field.svh'.
Back to file '/apps/vcsmx/vcs/U-2023.03-SP2//etc/uvm-1.2/src/reg/uvm_reg_model.svh'.
Parsing included file '/apps/vcsmx/vcs/U-2023.03-SP2//etc/uvm-1.2/src/reg/uvm_reg.svh'.
Back to file '/apps/vcsmx/vcs/U-2023.03-SP2//etc/uvm-1.2/src/reg/uvm_reg_model.svh'.
Parsing included file '/apps/vcsmx/vcs/U-2023.03-SP2//etc/uvm-1.2/src/reg/uvm_reg_indirect.svh'.
Back to file '/apps/vcsmx/vcs/U-2023.03-SP2//etc/uvm-1.2/src/reg/uvm_reg_model.svh'.
Parsing included file '/apps/vcsmx/vcs/U-2023.03-SP2//etc/uvm-1.2/src/reg/uvm_reg_fifo.svh'.
Back to file '/apps/vcsmx/vcs/U-2023.03-SP2//etc/uvm-1.2/src/reg/uvm_reg_model.svh'.
Parsing included file '/apps/vcsmx/vcs/U-2023.03-SP2//etc/uvm-1.2/src/reg/uvm_reg_file.svh'.
Back to file '/apps/vcsmx/vcs/U-2023.03-SP2//etc/uvm-1.2/src/reg/uvm_reg_model.svh'.
Parsing included file '/apps/vcsmx/vcs/U-2023.03-SP2//etc/uvm-1.2/src/reg/uvm_mem_mam.svh'.
Back to file '/apps/vcsmx/vcs/U-2023.03-SP2//etc/uvm-1.2/src/reg/uvm_reg_model.svh'.
Parsing included file '/apps/vcsmx/vcs/U-2023.03-SP2//etc/uvm-1.2/src/reg/uvm_vreg.svh'.
Back to file '/apps/vcsmx/vcs/U-2023.03-SP2//etc/uvm-1.2/src/reg/uvm_reg_model.svh'.
Parsing included file '/apps/vcsmx/vcs/U-2023.03-SP2//etc/uvm-1.2/src/reg/uvm_mem.svh'.
Back to file '/apps/vcsmx/vcs/U-2023.03-SP2//etc/uvm-1.2/src/reg/uvm_reg_model.svh'.
Parsing included file '/apps/vcsmx/vcs/U-2023.03-SP2//etc/uvm-1.2/src/reg/uvm_reg_map.svh'.
Back to file '/apps/vcsmx/vcs/U-2023.03-SP2//etc/uvm-1.2/src/reg/uvm_reg_model.svh'.
Parsing included file '/apps/vcsmx/vcs/U-2023.03-SP2//etc/uvm-1.2/src/reg/uvm_reg_block.svh'.
Back to file '/apps/vcsmx/vcs/U-2023.03-SP2//etc/uvm-1.2/src/reg/uvm_reg_model.svh'.
Parsing included file '/apps/vcsmx/vcs/U-2023.03-SP2//etc/uvm-1.2/src/reg/sequences/uvm_reg_hw_reset_seq.svh'.
Back to file '/apps/vcsmx/vcs/U-2023.03-SP2//etc/uvm-1.2/src/reg/uvm_reg_model.svh'.
Parsing included file '/apps/vcsmx/vcs/U-2023.03-SP2//etc/uvm-1.2/src/reg/sequences/uvm_reg_bit_bash_seq.svh'.
Back to file '/apps/vcsmx/vcs/U-2023.03-SP2//etc/uvm-1.2/src/reg/uvm_reg_model.svh'.
Parsing included file '/apps/vcsmx/vcs/U-2023.03-SP2//etc/uvm-1.2/src/reg/sequences/uvm_mem_walk_seq.svh'.
Back to file '/apps/vcsmx/vcs/U-2023.03-SP2//etc/uvm-1.2/src/reg/uvm_reg_model.svh'.
Parsing included file '/apps/vcsmx/vcs/U-2023.03-SP2//etc/uvm-1.2/src/reg/sequences/uvm_mem_access_seq.svh'.
Back to file '/apps/vcsmx/vcs/U-2023.03-SP2//etc/uvm-1.2/src/reg/uvm_reg_model.svh'.
Parsing included file '/apps/vcsmx/vcs/U-2023.03-SP2//etc/uvm-1.2/src/reg/sequences/uvm_reg_access_seq.svh'.
Back to file '/apps/vcsmx/vcs/U-2023.03-SP2//etc/uvm-1.2/src/reg/uvm_reg_model.svh'.
Parsing included file '/apps/vcsmx/vcs/U-2023.03-SP2//etc/uvm-1.2/src/reg/sequences/uvm_reg_mem_shared_access_seq.svh'.
Back to file '/apps/vcsmx/vcs/U-2023.03-SP2//etc/uvm-1.2/src/reg/uvm_reg_model.svh'.
Parsing included file '/apps/vcsmx/vcs/U-2023.03-SP2//etc/uvm-1.2/src/reg/sequences/uvm_reg_mem_built_in_seq.svh'.
Back to file '/apps/vcsmx/vcs/U-2023.03-SP2//etc/uvm-1.2/src/reg/uvm_reg_model.svh'.
Parsing included file '/apps/vcsmx/vcs/U-2023.03-SP2//etc/uvm-1.2/src/reg/sequences/uvm_reg_mem_hdl_paths_seq.svh'.
Back to file '/apps/vcsmx/vcs/U-2023.03-SP2//etc/uvm-1.2/src/reg/uvm_reg_model.svh'.
Parsing included file '/apps/vcsmx/vcs/U-2023.03-SP2//etc/uvm-1.2/src/reg/snps_uvm_reg_bank.svh'.
Back to file '/apps/vcsmx/vcs/U-2023.03-SP2//etc/uvm-1.2/src/reg/uvm_reg_model.svh'.
Back to file '/apps/vcsmx/vcs/U-2023.03-SP2//etc/uvm-1.2/src/uvm_pkg.sv'.
Parsing included file '/apps/vcsmx/vcs/U-2023.03-SP2//etc/uvm-1.2/src/vcs/vcs_uvm_alt.sv'.
Back to file '/apps/vcsmx/vcs/U-2023.03-SP2//etc/uvm-1.2/src/uvm_pkg.sv'.
Back to file '/apps/vcsmx/vcs/U-2023.03-SP2//etc/uvm-1.2/src/uvm.sv'.
Parsing included file '/apps/vcsmx/vcs/U-2023.03-SP2//etc/uvm-1.2/src/vcs/snps_reg.svh'.
Back to file '/apps/vcsmx/vcs/U-2023.03-SP2//etc/uvm-1.2/src/uvm.sv'.
Parsing design file 'design.sv'
Parsing design file 'testbench.sv'
Parsing included file '/apps/vcsmx/vcs/U-2023.03-SP2//etc/uvm-1.2/src/uvm_macros.svh'.
Back to file 'testbench.sv'.

Note-[SV-LCM-PPWI] Package previously wildcard imported
testbench.sv, 2
$unit
  Package 'uvm_pkg' already wildcard imported. 
  Ignoring uvm_pkg::*
  See the SystemVerilog LRM(1800-2005), section 19.2.1.

Parsing included file 'apb_interface.sv'.
Parsing included file '/apps/vcsmx/vcs/U-2023.03-SP2//etc/uvm-1.2/src/uvm_macros.svh'.
Back to file 'apb_interface.sv'.
Back to file 'testbench.sv'.
Parsing included file 'apb_property.sv'.

Note-[SV-LCM-PPWI] Package previously wildcard imported
apb_property.sv, 1
$unit
  Package 'uvm_pkg' already wildcard imported. 
  Ignoring uvm_pkg::*
  See the SystemVerilog LRM(1800-2005), section 19.2.1.

Parsing included file '/apps/vcsmx/vcs/U-2023.03-SP2//etc/uvm-1.2/src/uvm_macros.svh'.
Back to file 'apb_property.sv'.
Back to file 'testbench.sv'.
Parsing included file 'apb_transaction.sv'.
Back to file 'testbench.sv'.
Parsing included file 'apb_sequence.sv'.
Back to file 'testbench.sv'.
Parsing included file 'apb_sequencer.sv'.
Back to file 'testbench.sv'.
Parsing included file 'apb_driver.sv'.
Back to file 'testbench.sv'.
Parsing included file 'apb_monitor.sv'.
Back to file 'testbench.sv'.
Parsing included file 'apb_agent.sv'.
Back to file 'testbench.sv'.
Parsing included file 'apb_subscriber.sv'.
Back to file 'testbench.sv'.
Parsing included file 'apb_scoreboard.sv'.
Back to file 'testbench.sv'.
Parsing included file 'apb_environment.sv'.
Back to file 'testbench.sv'.
Parsing included file 'apb_test.sv'.
Back to file 'testbench.sv'.
Top Level Modules:
       top
TimeScale is 1 ns / 1 ns
Starting vcs inline pass...

7 modules and 0 UDP read.
recompiling package vcs_paramclassrepository
recompiling package _vcs_DPI_package
recompiling package uvm_pkg
recompiling module AMBA_APB
recompiling module apb_interface
recompiling module apb_property
recompiling module top
All of 7 modules done
( cd csrc ; make -f Makefile LD=g++ SNPS_VCS_TMPDIR=/tmp/vcs_20250204061936_9 product \
)
rm -f _cuarc*.so _csrc*.so pre_vcsobj_*.so share_vcsobj_*.so
g++ -w  -pipe -fPIC -DVCS -O -I/apps/vcsmx/vcs/U-2023.03-SP2/include    -c /apps/vcsmx/vcs/U-2023.03-SP2//etc/uvm-1.2/src/dpi/uvm_dpi.cc \

gcc  -w  -pipe -fPIC -DVCS -O -I/apps/vcsmx/vcs/U-2023.03-SP2/include    -fPIC -c \
-o uM9F1_0x2aB.o uM9F1_0x2aB.c
if [ -x ../simv ]; then chmod a-x ../simv; fi
g++  -o ../simv      -rdynamic  -Wl,-rpath='$ORIGIN'/simv.daidir -Wl,-rpath=./simv.daidir \
-Wl,-rpath=/apps/vcsmx/vcs/U-2023.03-SP2/linux64/lib -L/apps/vcsmx/vcs/U-2023.03-SP2/linux64/lib \
-Wl,-rpath-link=./  uvm_dpi.o   objs/amcQw_d.o   _391_archive_1.so   SIM_l.o    uM9F1_0x2aB.o \
rmapats_mop.o rmapats.o rmar.o rmar_nd.o  rmar_llvm_0_1.o rmar_llvm_0_0.o        \
-lvirsim -lerrorinf -lsnpsmalloc -lvfs    -lvcsnew -lsimprofile -luclinative /apps/vcsmx/vcs/U-2023.03-SP2/linux64/lib/vcs_tls.o \
-Wl,-whole-archive  -lvcsucli    -Wl,-no-whole-archive       ./../simv.daidir/vc_hdrs.o \
/apps/vcsmx/vcs/U-2023.03-SP2/linux64/lib/vcs_save_restore_new.o -ldl  -lc -lm -lpthread \
-ldl 
../simv up to date
CPU time: 13.360 seconds to compile + .460 seconds to elab + .758 seconds to link
